{"numFailedTestSuites":1,"numFailedTests":7,"numPassedTestSuites":0,"numPassedTests":7,"numPendingTestSuites":0,"numPendingTests":0,"numRuntimeErrorTestSuites":0,"numTodoTests":0,"numTotalTestSuites":1,"numTotalTests":14,"openHandles":[],"snapshot":{"added":0,"didUpdate":false,"failure":false,"filesAdded":0,"filesRemoved":0,"filesRemovedList":[],"filesUnmatched":0,"filesUpdated":0,"matched":0,"total":0,"unchecked":0,"uncheckedKeysByFile":[],"unmatched":0,"updated":0},"startTime":1648782541391,"success":false,"testResults":[{"assertionResults":[{"ancestorTitles":["Bare Minimum Requirements - Server"],"failureMessages":[],"fullName":"Bare Minimum Requirements - Server 모든 영화의 정보를 요청받은 경우, 모든 영화의 정보를 응답합니다.","location":null,"status":"passed","title":"모든 영화의 정보를 요청받은 경우, 모든 영화의 정보를 응답합니다."},{"ancestorTitles":["Bare Minimum Requirements - Server"],"failureMessages":[],"fullName":"Bare Minimum Requirements - Server 모든 영화의 정보를 요청받은 경우, 상태 코드 200을 응답합니다.","location":null,"status":"passed","title":"모든 영화의 정보를 요청받은 경우, 상태 코드 200을 응답합니다."},{"ancestorTitles":["Bare Minimum Requirements - Server"],"failureMessages":[],"fullName":"Bare Minimum Requirements - Server 특정 id에 대한 영화정보를 요청받은 경우, 해당하는 영화의 정보를 응답합니다.","location":null,"status":"passed","title":"특정 id에 대한 영화정보를 요청받은 경우, 해당하는 영화의 정보를 응답합니다."},{"ancestorTitles":["Bare Minimum Requirements - Server"],"failureMessages":[],"fullName":"Bare Minimum Requirements - Server 요청받은 영화의 id가 존재하지 않는경우, 상태 코드 404를 응답합니다.","location":null,"status":"passed","title":"요청받은 영화의 id가 존재하지 않는경우, 상태 코드 404를 응답합니다."},{"ancestorTitles":["Bare Minimum Requirements - Server"],"failureMessages":[],"fullName":"Bare Minimum Requirements - Server 요청받은 영화의 id가 존재하는 경우, 상태 코드 200를 응답합니다.","location":null,"status":"passed","title":"요청받은 영화의 id가 존재하는 경우, 상태 코드 200를 응답합니다."},{"ancestorTitles":["Advanced Challenge - Server","Pagination"],"failureMessages":["Error: expect(received).toEqual(expected) // deep equality\n\nExpected: 5\nReceived: 10\n    at /Users/sg.yksv77/Desktop/섹션2/HA2-test/im-ha-section-2/server/__tests__/ServerSpec.test.js:65:31\n    at processTicksAndRejections (node:internal/process/task_queues:96:5)"],"fullName":"Advanced Challenge - Server Pagination 쿼리 파라미터 limit 값에 따라 한 번에 볼 수 있는 영화 개수를 정할 수 있어야 합니다.","location":null,"status":"failed","title":"쿼리 파라미터 limit 값에 따라 한 번에 볼 수 있는 영화 개수를 정할 수 있어야 합니다."},{"ancestorTitles":["Advanced Challenge - Server","Pagination"],"failureMessages":[],"fullName":"Advanced Challenge - Server Pagination 쿼리 파라미터 limit가 없는 요청은 영화 목록 10개를 응답합니다.","location":null,"status":"passed","title":"쿼리 파라미터 limit가 없는 요청은 영화 목록 10개를 응답합니다."},{"ancestorTitles":["Advanced Challenge - Server","Pagination"],"failureMessages":["Error: expect(received).toEqual(expected) // deep equality\n\nExpected: 5\nReceived: 10\n    at /Users/sg.yksv77/Desktop/섹션2/HA2-test/im-ha-section-2/server/__tests__/ServerSpec.test.js:88:31\n    at processTicksAndRejections (node:internal/process/task_queues:96:5)"],"fullName":"Advanced Challenge - Server Pagination 쿼리 파라미터 page가 없는 요청은 쿼리 파라미터 limit값 만큼의 영화 목록을 응답합니다.","location":null,"status":"failed","title":"쿼리 파라미터 page가 없는 요청은 쿼리 파라미터 limit값 만큼의 영화 목록을 응답합니다."},{"ancestorTitles":["Advanced Challenge - Server","Pagination"],"failureMessages":["Error: expect(received).toEqual(expected) // deep equality\n\nExpected: 3\nReceived: 10\n    at /Users/sg.yksv77/Desktop/섹션2/HA2-test/im-ha-section-2/server/__tests__/ServerSpec.test.js:102:31\n    at processTicksAndRejections (node:internal/process/task_queues:96:5)"],"fullName":"Advanced Challenge - Server Pagination limit이 3인 경우, 쿼리 파라미터 page 값에 따라 보고 싶은 페이지를 정할 수 있어야 합니다.","location":null,"status":"failed","title":"limit이 3인 경우, 쿼리 파라미터 page 값에 따라 보고 싶은 페이지를 정할 수 있어야 합니다."},{"ancestorTitles":["Advanced Challenge - Server","Pagination"],"failureMessages":["Error: expect(received).toEqual(expected) // deep equality\n\nExpected: 400\nReceived: 200\n    at /Users/sg.yksv77/Desktop/섹션2/HA2-test/im-ha-section-2/server/__tests__/ServerSpec.test.js:146:30\n    at processTicksAndRejections (node:internal/process/task_queues:96:5)"],"fullName":"Advanced Challenge - Server Pagination 잘못된 쿼리 파라미터 값을 요청받은 경우, 상태 코드 400을 응답합니다.","location":null,"status":"failed","title":"잘못된 쿼리 파라미터 값을 요청받은 경우, 상태 코드 400을 응답합니다."},{"ancestorTitles":["Advanced Challenge - Server","Pagination"],"failureMessages":["Error: expect(received).toEqual(expected) // deep equality\n\n- Expected  -   1\n+ Received  + 196\n\n- Array []\n+ Array [\n+   Object {\n+     \"description_full\": \"As the Avengers and their allies have continued to protect the world from threats too large for any one hero to handle, a new danger has emerged from the cosmic shadows: Thanos. A despot of intergalactic infamy, his goal is to collect all six Infinity Stones, artifacts of unimaginable power, and use them to inflict his twisted will on all of reality. Everything the Avengers have fought for has led up to this moment, the fate of Earth and existence has never been more uncertain.\",\n+     \"genres\": Array [\n+       \"Action\",\n+       \"Adventure\",\n+       \"Drama\",\n+       \"Fantasy\",\n+       \"Sci-Fi\",\n+     ],\n+     \"id\": 8462,\n+     \"large_cover_image\": \"https://yts.lt/assets/images/movies/avengers_infinity_war_2018/large-cover.jpg\",\n+     \"medium_cover_image\": \"https://yts.lt/assets/images/movies/avengers_infinity_war_2018/medium-cover.jpg\",\n+     \"rating\": 8.5,\n+     \"runtime\": 149,\n+     \"small_cover_image\": \"https://yts.lt/assets/images/movies/avengers_infinity_war_2018/small-cover.jpg\",\n+     \"summary\": \"As the Avengers and their allies have continued to protect the world from threats too large for any one hero to handle, a new danger has emerged from the cosmic shadows: Thanos. A despot of intergalactic infamy, his goal is to collect all six Infinity Stones, artifacts of unimaginable power, and use them to inflict his twisted will on all of reality. Everything the Avengers have fought for has led up to this moment, the fate of Earth and existence has never been more uncertain.\",\n+     \"title\": \"Avengers: Infinity War\",\n+     \"url\": \"https://yts.lt/movie/avengers-infinity-war-2018\",\n+     \"year\": 2018,\n+   },\n+   Object {\n+     \"description_full\": \"After the devastating events of Avengers: Infinity War (2018), the universe is in ruins due to the efforts of the Mad Titan, Thanos. With the help of remaining allies, the Avengers must assemble once more in order to undo Thanos's actions and undo the chaos to the universe, no matter what consequences may be in store, and no matter who they face...\",\n+     \"genres\": Array [\n+       \"Action\",\n+       \"Adventure\",\n+       \"Drama\",\n+       \"Sci-Fi\",\n+     ],\n+     \"id\": 13106,\n+     \"large_cover_image\": \"https://yts.lt/assets/images/movies/avengers_endgame_2019/large-cover.jpg\",\n+     \"medium_cover_image\": \"https://yts.lt/assets/images/movies/avengers_endgame_2019/medium-cover.jpg\",\n+     \"rating\": 8.5,\n+     \"runtime\": 181,\n+     \"small_cover_image\": \"https://yts.lt/assets/images/movies/avengers_endgame_2019/small-cover.jpg\",\n+     \"summary\": \"After the devastating events of Avengers: Infinity War (2018), the universe is in ruins due to the efforts of the Mad Titan, Thanos. With the help of remaining allies, the Avengers must assemble once more in order to undo Thanos's actions and undo the chaos to the universe, no matter what consequences may be in store, and no matter who they face...\",\n+     \"title\": \"Avengers: Endgame\",\n+     \"url\": \"https://yts.lt/movie/avengers-endgame-2019\",\n+     \"year\": 2019,\n+   },\n+   Object {\n+     \"description_full\": \"A gritty L.A crime saga which follows the intersecting and often personally connected lives of an elite unit of the LA County Sheriff's Dept. and the state's most successful bank robbery crew as the outlaws plan an impossible heist on the Federal Reserve Bank of downtown Los Angeles.\",\n+     \"genres\": Array [\n+       \"Action\",\n+       \"Crime\",\n+       \"Drama\",\n+       \"Mystery\",\n+       \"Thriller\",\n+     ],\n+     \"id\": 7548,\n+     \"large_cover_image\": \"https://yts.lt/assets/images/movies/den_of_thieves_2018/large-cover.jpg\",\n+     \"medium_cover_image\": \"https://yts.lt/assets/images/movies/den_of_thieves_2018/medium-cover.jpg\",\n+     \"rating\": 7,\n+     \"runtime\": 148,\n+     \"small_cover_image\": \"https://yts.lt/assets/images/movies/den_of_thieves_2018/small-cover.jpg\",\n+     \"summary\": \"A gritty L.A crime saga which follows the intersecting and often personally connected lives of an elite unit of the LA County Sheriff's Dept. and the state's most successful bank robbery crew as the outlaws plan an impossible heist on the Federal Reserve Bank of downtown Los Angeles.\",\n+     \"title\": \"Den of Thieves\",\n+     \"url\": \"https://yts.lt/movie/den-of-thieves-2018\",\n+     \"year\": 2018,\n+   },\n+   Object {\n+     \"description_full\": \"Dom Cobb is a skilled thief, the absolute best in the dangerous art of extraction, stealing valuable secrets from deep within the subconscious during the dream state, when the mind is at its most vulnerable. Cobb's rare ability has made him a coveted player in this treacherous new world of corporate espionage, but it has also made him an international fugitive and cost him everything he has ever loved. Now Cobb is being offered a chance at redemption. One last job could give him his life back but only if he can accomplish the impossible, inception. Instead of the perfect heist, Cobb and his team of specialists have to pull off the reverse: their task is not to steal an idea, but to plant one. If they succeed, it could be the perfect crime. But no amount of careful planning or expertise can prepare the team for the dangerous enemy that seems to predict their every move. An enemy that only Cobb could have seen coming.\",\n+     \"genres\": Array [\n+       \"Action\",\n+       \"Adventure\",\n+       \"Crime\",\n+       \"Mystery\",\n+       \"Sci-Fi\",\n+       \"Thriller\",\n+     ],\n+     \"id\": 1606,\n+     \"large_cover_image\": \"https://yts.lt/assets/images/movies/Inception_2010/large-cover.jpg\",\n+     \"medium_cover_image\": \"https://yts.lt/assets/images/movies/Inception_2010/medium-cover.jpg\",\n+     \"rating\": 8.8,\n+     \"runtime\": 148,\n+     \"small_cover_image\": \"https://yts.lt/assets/images/movies/Inception_2010/small-cover.jpg\",\n+     \"summary\": \"Dom Cobb is a skilled thief, the absolute best in the dangerous art of extraction, stealing valuable secrets from deep within the subconscious during the dream state, when the mind is at its most vulnerable. Cobb's rare ability has made him a coveted player in this treacherous new world of corporate espionage, but it has also made him an international fugitive and cost him everything he has ever loved. Now Cobb is being offered a chance at redemption. One last job could give him his life back but only if he can accomplish the impossible, inception. Instead of the perfect heist, Cobb and his team of specialists have to pull off the reverse: their task is not to steal an idea, but to plant one. If they succeed, it could be the perfect crime. But no amount of careful planning or expertise can prepare the team for the dangerous enemy that seems to predict their every move. An enemy that only Cobb could have seen coming.\",\n+     \"title\": \"Inception\",\n+     \"url\": \"https://yts.lt/movie/inception-2010\",\n+     \"year\": 2010,\n+   },\n+   Object {\n+     \"description_full\": \"Chronicles the experiences of a formerly successful banker as a prisoner in the gloomy jailhouse of Shawshank after being found guilty of a crime he did not commit. The film portrays the man's unique way of dealing with his new, torturous life; along the way he befriends a number of fellow prisoners, most notably a wise long-term inmate named Red.\",\n+     \"genres\": Array [\n+       \"Action\",\n+       \"Crime\",\n+       \"Drama\",\n+     ],\n+     \"id\": 3709,\n+     \"large_cover_image\": \"https://yts.lt/assets/images/movies/The_Shawshank_Redemption_1994/large-cover.jpg\",\n+     \"medium_cover_image\": \"https://yts.lt/assets/images/movies/The_Shawshank_Redemption_1994/medium-cover.jpg\",\n+     \"rating\": 9.3,\n+     \"runtime\": 142,\n+     \"small_cover_image\": \"https://yts.lt/assets/images/movies/The_Shawshank_Redemption_1994/small-cover.jpg\",\n+     \"summary\": \"Chronicles the experiences of a formerly successful banker as a prisoner in the gloomy jailhouse of Shawshank after being found guilty of a crime he did not commit. The film portrays the man's unique way of dealing with his new, torturous life; along the way he befriends a number of fellow prisoners, most notably a wise long-term inmate named Red.\",\n+     \"title\": \"The Shawshank Redemption\",\n+     \"url\": \"https://yts.lt/movie/the-shawshank-redemption-1994\",\n+     \"year\": 1994,\n+   },\n+   Object {\n+     \"description_full\": \"Nick Fury is the director of S.H.I.E.L.D., an international peace-keeping agency. The agency is a who's who of Marvel Super Heroes, with Iron Man, The Incredible Hulk, Thor, Captain America, Hawkeye and Black Widow. When global security is threatened by Loki and his cohorts, Nick Fury and his team will need all their powers to save the world from disaster which is formed by Loki and his team\",\n+     \"genres\": Array [\n+       \"Action\",\n+       \"Adventure\",\n+       \"Sci-Fi\",\n+       \"Thriller\",\n+     ],\n+     \"id\": 3045,\n+     \"large_cover_image\": \"https://yts.lt/assets/images/movies/The_Avengers_2012/large-cover.jpg\",\n+     \"medium_cover_image\": \"https://yts.lt/assets/images/movies/The_Avengers_2012/medium-cover.jpg\",\n+     \"rating\": 8,\n+     \"runtime\": 143,\n+     \"small_cover_image\": \"https://yts.lt/assets/images/movies/The_Avengers_2012/small-cover.jpg\",\n+     \"summary\": \"Nick Fury is the director of S.H.I.E.L.D., an international peace-keeping agency. The agency is a who's who of Marvel Super Heroes, with Iron Man, The Incredible Hulk, Thor, Captain America, Hawkeye and Black Widow. When global security is threatened by Loki and his cohorts, Nick Fury and his team will need all their powers to save the world from disaster which is formed by Loki and his team\",\n+     \"title\": \"The Avengers\",\n+     \"url\": \"https://yts.lt/movie/the-avengers-2012\",\n+     \"year\": 2012,\n+   },\n+   Object {\n+     \"description_full\": \"How far would you go to protect your family? Keller Dover is facing every parent's worst nightmare. His six-year-old daughter, Anna, is missing, together with her young friend, Joy, and as minutes turn to hours, panic sets in. The only lead is a dilapidated RV that had earlier been parked on their street. Heading the investigation, Detective Loki arrests its driver, Alex Jones, but a lack of evidence forces his release. As the police pursue multiple leads and pressure mounts, knowing his child's life is at stake the frantic Dover decides he has no choice but to take matters into his own hands. But just how far will this desperate father go to protect his family?\",\n+     \"genres\": Array [\n+       \"Action\",\n+       \"Crime\",\n+       \"Drama\",\n+       \"Mystery\",\n+       \"Thriller\",\n+     ],\n+     \"id\": 2407,\n+     \"large_cover_image\": \"https://yts.lt/assets/images/movies/Prisoners_2013/large-cover.jpg\",\n+     \"medium_cover_image\": \"https://yts.lt/assets/images/movies/Prisoners_2013/medium-cover.jpg\",\n+     \"rating\": 8.1,\n+     \"runtime\": 153,\n+     \"small_cover_image\": \"https://yts.lt/assets/images/movies/Prisoners_2013/small-cover.jpg\",\n+     \"summary\": \"How far would you go to protect your family? Keller Dover is facing every parent's worst nightmare. His six-year-old daughter, Anna, is missing, together with her young friend, Joy, and as minutes turn to hours, panic sets in. The only lead is a dilapidated RV that had earlier been parked on their street. Heading the investigation, Detective Loki arrests its driver, Alex Jones, but a lack of evidence forces his release. As the police pursue multiple leads and pressure mounts, knowing his child's life is at stake the frantic Dover decides he has no choice but to take matters into his own hands. But just how far will this desperate father go to protect his family?\",\n+     \"title\": \"Prisoners\",\n+     \"url\": \"https://yts.lt/movie/prisoners-2013\",\n+     \"year\": 2013,\n+   },\n+   Object {\n+     \"description_full\": \"Thrilled by his experience with the Avengers, Peter returns home, where he lives with his Aunt May, under the watchful eye of his new mentor Tony Stark, Peter tries to fall back into his normal daily routine - distracted by thoughts of proving himself to be more than just your friendly neighborhood Spider-Man - but when the Vulture emerges as a new villain, everything that Peter holds most important will be threatened.\",\n+     \"genres\": Array [\n+       \"Action\",\n+       \"Adventure\",\n+       \"Sci-Fi\",\n+     ],\n+     \"id\": 6792,\n+     \"large_cover_image\": \"https://yts.lt/assets/images/movies/spider_man_homecoming_2017/large-cover.jpg\",\n+     \"medium_cover_image\": \"https://yts.lt/assets/images/movies/spider_man_homecoming_2017/medium-cover.jpg\",\n+     \"rating\": 7.4,\n+     \"runtime\": 133,\n+     \"small_cover_image\": \"https://yts.lt/assets/images/movies/spider_man_homecoming_2017/small-cover.jpg\",\n+     \"summary\": \"Thrilled by his experience with the Avengers, Peter returns home, where he lives with his Aunt May, under the watchful eye of his new mentor Tony Stark, Peter tries to fall back into his normal daily routine - distracted by thoughts of proving himself to be more than just your friendly neighborhood Spider-Man - but when the Vulture emerges as a new villain, everything that Peter holds most important will be threatened.\",\n+     \"title\": \"Spider-Man: Homecoming\",\n+     \"url\": \"https://yts.lt/movie/spider-man-homecoming-2017\",\n+     \"year\": 2017,\n+   },\n+   Object {\n+     \"description_full\": \"Dominic and his crew thought they'd left the criminal mercenary life behind. They'd defeated international terrorist Owen Shaw and went their separate ways. But now, Shaw's brother, Deckard Shaw, is out killing the crew one by one for revenge. Worse, a Somalian terrorist called Jakarde and a shady government official called \\\"Mr. Nobody\\\" are both competing to steal a computer terrorism program called \\\"God's Eye,\\\" that can turn any technological device into a weapon. Torretto must reconvene with his team to stop Shaw and retrieve the God's Eye program while caught in a power struggle between the terrorist and the United States government.\",\n+     \"genres\": Array [\n+       \"Action\",\n+       \"Adventure\",\n+       \"Crime\",\n+       \"Thriller\",\n+     ],\n+     \"id\": 1267,\n+     \"large_cover_image\": \"https://yts.lt/assets/images/movies/furious_seven_2015/large-cover.jpg\",\n+     \"medium_cover_image\": \"https://yts.lt/assets/images/movies/furious_seven_2015/medium-cover.jpg\",\n+     \"rating\": 7.2,\n+     \"runtime\": 137,\n+     \"small_cover_image\": \"https://yts.lt/assets/images/movies/furious_seven_2015/small-cover.jpg\",\n+     \"summary\": \"Dominic and his crew thought they'd left the criminal mercenary life behind. They'd defeated international terrorist Owen Shaw and went their separate ways. But now, Shaw's brother, Deckard Shaw, is out killing the crew one by one for revenge. Worse, a Somalian terrorist called Jakarde and a shady government official called \\\"Mr. Nobody\\\" are both competing to steal a computer terrorism program called \\\"God's Eye,\\\" that can turn any technological device into a weapon. Torretto must reconvene with his team to stop Shaw and retrieve the God's Eye program while caught in a power struggle between the terrorist and the United States government.\",\n+     \"title\": \"Furious 7\",\n+     \"url\": \"https://yts.lt/movie/furious-7-2015\",\n+     \"year\": 2015,\n+   },\n+   Object {\n+     \"description_full\": \"This is the origin story of former Special Forces operative turned mercenary Wade Wilson, who after being subjected to a rogue experiment that leaves him with accelerated healing powers, adopts the alter ego Deadpool. Armed with his new abilities and a dark, twisted sense of humor, Deadpool hunts down the man who nearly destroyed his life.\",\n+     \"genres\": Array [\n+       \"Action\",\n+       \"Adventure\",\n+       \"Comedy\",\n+       \"Romance\",\n+       \"Sci-Fi\",\n+     ],\n+     \"id\": 5512,\n+     \"large_cover_image\": \"https://yts.lt/assets/images/movies/deadpool_2016/large-cover.jpg\",\n+     \"medium_cover_image\": \"https://yts.lt/assets/images/movies/deadpool_2016/medium-cover.jpg\",\n+     \"rating\": 8,\n+     \"runtime\": 108,\n+     \"small_cover_image\": \"https://yts.lt/assets/images/movies/deadpool_2016/small-cover.jpg\",\n+     \"summary\": \"This is the origin story of former Special Forces operative turned mercenary Wade Wilson, who after being subjected to a rogue experiment that leaves him with accelerated healing powers, adopts the alter ego Deadpool. Armed with his new abilities and a dark, twisted sense of humor, Deadpool hunts down the man who nearly destroyed his life.\",\n+     \"title\": \"Deadpool\",\n+     \"url\": \"https://yts.lt/movie/deadpool-2016\",\n+     \"year\": 2016,\n+   },\n+ ]\n    at /Users/sg.yksv77/Desktop/섹션2/HA2-test/im-ha-section-2/server/__tests__/ServerSpec.test.js:156:28\n    at processTicksAndRejections (node:internal/process/task_queues:96:5)"],"fullName":"Advanced Challenge - Server Pagination 범위를 벗어난 파라미터 값을 요청받은 경우, 빈 배열을 응답해야 합니다.","location":null,"status":"failed","title":"범위를 벗어난 파라미터 값을 요청받은 경우, 빈 배열을 응답해야 합니다."},{"ancestorTitles":["Advanced Challenge - Server","Pagination"],"failureMessages":[],"fullName":"Advanced Challenge - Server Pagination 범위를 벗어난 파라미터 값을 요청받은 경우, 상태 코드 200을 응답합니다.","location":null,"status":"passed","title":"범위를 벗어난 파라미터 값을 요청받은 경우, 상태 코드 200을 응답합니다."},{"ancestorTitles":["Advanced Challenge - Server","Filtering by genre"],"failureMessages":["Error: expect(received).toEqual(expected) // deep equality\n\nExpected: 1\nReceived: 10\n    at /Users/sg.yksv77/Desktop/섹션2/HA2-test/im-ha-section-2/server/__tests__/ServerSpec.test.js:177:31\n    at processTicksAndRejections (node:internal/process/task_queues:96:5)"],"fullName":"Advanced Challenge - Server Filtering by genre 쿼리 파라미터 genre 값과 일치하는 영화만 보여줘야 합니다.","location":null,"status":"failed","title":"쿼리 파라미터 genre 값과 일치하는 영화만 보여줘야 합니다."},{"ancestorTitles":["Advanced Challenge - Server","Filtering by genre"],"failureMessages":["Error: expect(received).toEqual(expected) // deep equality\n\nExpected: 3\nReceived: 10\n    at /Users/sg.yksv77/Desktop/섹션2/HA2-test/im-ha-section-2/server/__tests__/ServerSpec.test.js:211:31\n    at processTicksAndRejections (node:internal/process/task_queues:96:5)"],"fullName":"Advanced Challenge - Server Filtering by genre 쿼리 파라미터 genre와 pagination을 위한 쿼리 파라미터 limit, page를 같이 사용할 수 있어야 합니다.","location":null,"status":"failed","title":"쿼리 파라미터 genre와 pagination을 위한 쿼리 파라미터 limit, page를 같이 사용할 수 있어야 합니다."}],"endTime":1648782541715,"message":"  ● Advanced Challenge - Server › Pagination › 쿼리 파라미터 limit 값에 따라 한 번에 볼 수 있는 영화 개수를 정할 수 있어야 합니다.\n\n    expect(received).toEqual(expected) // deep equality\n\n    Expected: 5\n    Received: 10\n\n      63 |         .then((res) => {\n      64 |           const { body } = res;\n    > 65 |           expect(body.length).toEqual(5);\n         |                               ^\n      66 |           return request(app).get('/movies?limit=9');\n      67 |         })\n      68 |         .then((res) => {\n\n      at __tests__/ServerSpec.test.js:65:31\n\n  ● Advanced Challenge - Server › Pagination › 쿼리 파라미터 page가 없는 요청은 쿼리 파라미터 limit값 만큼의 영화 목록을 응답합니다.\n\n    expect(received).toEqual(expected) // deep equality\n\n    Expected: 5\n    Received: 10\n\n      86 |         .then((res) => {\n      87 |           const { body } = res;\n    > 88 |           expect(body.length).toEqual(5);\n         |                               ^\n      89 |           return request(app).get('/movies?limit=9');\n      90 |         })\n      91 |         .then((res) => {\n\n      at __tests__/ServerSpec.test.js:88:31\n\n  ● Advanced Challenge - Server › Pagination › limit이 3인 경우, 쿼리 파라미터 page 값에 따라 보고 싶은 페이지를 정할 수 있어야 합니다.\n\n    expect(received).toEqual(expected) // deep equality\n\n    Expected: 3\n    Received: 10\n\n      100 |         .then((res) => {\n      101 |           const { body } = res;\n    > 102 |           expect(body.length).toEqual(3);\n          |                               ^\n      103 |           expect(body[0].id).toEqual(8462);\n      104 |           expect(body[0].title).toEqual('Avengers: Infinity War');\n      105 |           expect(body[0].summary).toEqual(\n\n      at __tests__/ServerSpec.test.js:102:31\n\n  ● Advanced Challenge - Server › Pagination › 잘못된 쿼리 파라미터 값을 요청받은 경우, 상태 코드 400을 응답합니다.\n\n    expect(received).toEqual(expected) // deep equality\n\n    Expected: 400\n    Received: 200\n\n      144 |         .get('/movies?limit=codestates')\n      145 |         .then((res) => {\n    > 146 |           expect(res.status).toEqual(400);\n          |                              ^\n      147 |           return;\n      148 |         });\n      149 |     });\n\n      at __tests__/ServerSpec.test.js:146:30\n\n  ● Advanced Challenge - Server › Pagination › 범위를 벗어난 파라미터 값을 요청받은 경우, 빈 배열을 응답해야 합니다.\n\n    expect(received).toEqual(expected) // deep equality\n\n    - Expected  -   1\n    + Received  + 196\n\n    - Array []\n    + Array [\n    +   Object {\n    +     \"description_full\": \"As the Avengers and their allies have continued to protect the world from threats too large for any one hero to handle, a new danger has emerged from the cosmic shadows: Thanos. A despot of intergalactic infamy, his goal is to collect all six Infinity Stones, artifacts of unimaginable power, and use them to inflict his twisted will on all of reality. Everything the Avengers have fought for has led up to this moment, the fate of Earth and existence has never been more uncertain.\",\n    +     \"genres\": Array [\n    +       \"Action\",\n    +       \"Adventure\",\n    +       \"Drama\",\n    +       \"Fantasy\",\n    +       \"Sci-Fi\",\n    +     ],\n    +     \"id\": 8462,\n    +     \"large_cover_image\": \"https://yts.lt/assets/images/movies/avengers_infinity_war_2018/large-cover.jpg\",\n    +     \"medium_cover_image\": \"https://yts.lt/assets/images/movies/avengers_infinity_war_2018/medium-cover.jpg\",\n    +     \"rating\": 8.5,\n    +     \"runtime\": 149,\n    +     \"small_cover_image\": \"https://yts.lt/assets/images/movies/avengers_infinity_war_2018/small-cover.jpg\",\n    +     \"summary\": \"As the Avengers and their allies have continued to protect the world from threats too large for any one hero to handle, a new danger has emerged from the cosmic shadows: Thanos. A despot of intergalactic infamy, his goal is to collect all six Infinity Stones, artifacts of unimaginable power, and use them to inflict his twisted will on all of reality. Everything the Avengers have fought for has led up to this moment, the fate of Earth and existence has never been more uncertain.\",\n    +     \"title\": \"Avengers: Infinity War\",\n    +     \"url\": \"https://yts.lt/movie/avengers-infinity-war-2018\",\n    +     \"year\": 2018,\n    +   },\n    +   Object {\n    +     \"description_full\": \"After the devastating events of Avengers: Infinity War (2018), the universe is in ruins due to the efforts of the Mad Titan, Thanos. With the help of remaining allies, the Avengers must assemble once more in order to undo Thanos's actions and undo the chaos to the universe, no matter what consequences may be in store, and no matter who they face...\",\n    +     \"genres\": Array [\n    +       \"Action\",\n    +       \"Adventure\",\n    +       \"Drama\",\n    +       \"Sci-Fi\",\n    +     ],\n    +     \"id\": 13106,\n    +     \"large_cover_image\": \"https://yts.lt/assets/images/movies/avengers_endgame_2019/large-cover.jpg\",\n    +     \"medium_cover_image\": \"https://yts.lt/assets/images/movies/avengers_endgame_2019/medium-cover.jpg\",\n    +     \"rating\": 8.5,\n    +     \"runtime\": 181,\n    +     \"small_cover_image\": \"https://yts.lt/assets/images/movies/avengers_endgame_2019/small-cover.jpg\",\n    +     \"summary\": \"After the devastating events of Avengers: Infinity War (2018), the universe is in ruins due to the efforts of the Mad Titan, Thanos. With the help of remaining allies, the Avengers must assemble once more in order to undo Thanos's actions and undo the chaos to the universe, no matter what consequences may be in store, and no matter who they face...\",\n    +     \"title\": \"Avengers: Endgame\",\n    +     \"url\": \"https://yts.lt/movie/avengers-endgame-2019\",\n    +     \"year\": 2019,\n    +   },\n    +   Object {\n    +     \"description_full\": \"A gritty L.A crime saga which follows the intersecting and often personally connected lives of an elite unit of the LA County Sheriff's Dept. and the state's most successful bank robbery crew as the outlaws plan an impossible heist on the Federal Reserve Bank of downtown Los Angeles.\",\n    +     \"genres\": Array [\n    +       \"Action\",\n    +       \"Crime\",\n    +       \"Drama\",\n    +       \"Mystery\",\n    +       \"Thriller\",\n    +     ],\n    +     \"id\": 7548,\n    +     \"large_cover_image\": \"https://yts.lt/assets/images/movies/den_of_thieves_2018/large-cover.jpg\",\n    +     \"medium_cover_image\": \"https://yts.lt/assets/images/movies/den_of_thieves_2018/medium-cover.jpg\",\n    +     \"rating\": 7,\n    +     \"runtime\": 148,\n    +     \"small_cover_image\": \"https://yts.lt/assets/images/movies/den_of_thieves_2018/small-cover.jpg\",\n    +     \"summary\": \"A gritty L.A crime saga which follows the intersecting and often personally connected lives of an elite unit of the LA County Sheriff's Dept. and the state's most successful bank robbery crew as the outlaws plan an impossible heist on the Federal Reserve Bank of downtown Los Angeles.\",\n    +     \"title\": \"Den of Thieves\",\n    +     \"url\": \"https://yts.lt/movie/den-of-thieves-2018\",\n    +     \"year\": 2018,\n    +   },\n    +   Object {\n    +     \"description_full\": \"Dom Cobb is a skilled thief, the absolute best in the dangerous art of extraction, stealing valuable secrets from deep within the subconscious during the dream state, when the mind is at its most vulnerable. Cobb's rare ability has made him a coveted player in this treacherous new world of corporate espionage, but it has also made him an international fugitive and cost him everything he has ever loved. Now Cobb is being offered a chance at redemption. One last job could give him his life back but only if he can accomplish the impossible, inception. Instead of the perfect heist, Cobb and his team of specialists have to pull off the reverse: their task is not to steal an idea, but to plant one. If they succeed, it could be the perfect crime. But no amount of careful planning or expertise can prepare the team for the dangerous enemy that seems to predict their every move. An enemy that only Cobb could have seen coming.\",\n    +     \"genres\": Array [\n    +       \"Action\",\n    +       \"Adventure\",\n    +       \"Crime\",\n    +       \"Mystery\",\n    +       \"Sci-Fi\",\n    +       \"Thriller\",\n    +     ],\n    +     \"id\": 1606,\n    +     \"large_cover_image\": \"https://yts.lt/assets/images/movies/Inception_2010/large-cover.jpg\",\n    +     \"medium_cover_image\": \"https://yts.lt/assets/images/movies/Inception_2010/medium-cover.jpg\",\n    +     \"rating\": 8.8,\n    +     \"runtime\": 148,\n    +     \"small_cover_image\": \"https://yts.lt/assets/images/movies/Inception_2010/small-cover.jpg\",\n    +     \"summary\": \"Dom Cobb is a skilled thief, the absolute best in the dangerous art of extraction, stealing valuable secrets from deep within the subconscious during the dream state, when the mind is at its most vulnerable. Cobb's rare ability has made him a coveted player in this treacherous new world of corporate espionage, but it has also made him an international fugitive and cost him everything he has ever loved. Now Cobb is being offered a chance at redemption. One last job could give him his life back but only if he can accomplish the impossible, inception. Instead of the perfect heist, Cobb and his team of specialists have to pull off the reverse: their task is not to steal an idea, but to plant one. If they succeed, it could be the perfect crime. But no amount of careful planning or expertise can prepare the team for the dangerous enemy that seems to predict their every move. An enemy that only Cobb could have seen coming.\",\n    +     \"title\": \"Inception\",\n    +     \"url\": \"https://yts.lt/movie/inception-2010\",\n    +     \"year\": 2010,\n    +   },\n    +   Object {\n    +     \"description_full\": \"Chronicles the experiences of a formerly successful banker as a prisoner in the gloomy jailhouse of Shawshank after being found guilty of a crime he did not commit. The film portrays the man's unique way of dealing with his new, torturous life; along the way he befriends a number of fellow prisoners, most notably a wise long-term inmate named Red.\",\n    +     \"genres\": Array [\n    +       \"Action\",\n    +       \"Crime\",\n    +       \"Drama\",\n    +     ],\n    +     \"id\": 3709,\n    +     \"large_cover_image\": \"https://yts.lt/assets/images/movies/The_Shawshank_Redemption_1994/large-cover.jpg\",\n    +     \"medium_cover_image\": \"https://yts.lt/assets/images/movies/The_Shawshank_Redemption_1994/medium-cover.jpg\",\n    +     \"rating\": 9.3,\n    +     \"runtime\": 142,\n    +     \"small_cover_image\": \"https://yts.lt/assets/images/movies/The_Shawshank_Redemption_1994/small-cover.jpg\",\n    +     \"summary\": \"Chronicles the experiences of a formerly successful banker as a prisoner in the gloomy jailhouse of Shawshank after being found guilty of a crime he did not commit. The film portrays the man's unique way of dealing with his new, torturous life; along the way he befriends a number of fellow prisoners, most notably a wise long-term inmate named Red.\",\n    +     \"title\": \"The Shawshank Redemption\",\n    +     \"url\": \"https://yts.lt/movie/the-shawshank-redemption-1994\",\n    +     \"year\": 1994,\n    +   },\n    +   Object {\n    +     \"description_full\": \"Nick Fury is the director of S.H.I.E.L.D., an international peace-keeping agency. The agency is a who's who of Marvel Super Heroes, with Iron Man, The Incredible Hulk, Thor, Captain America, Hawkeye and Black Widow. When global security is threatened by Loki and his cohorts, Nick Fury and his team will need all their powers to save the world from disaster which is formed by Loki and his team\",\n    +     \"genres\": Array [\n    +       \"Action\",\n    +       \"Adventure\",\n    +       \"Sci-Fi\",\n    +       \"Thriller\",\n    +     ],\n    +     \"id\": 3045,\n    +     \"large_cover_image\": \"https://yts.lt/assets/images/movies/The_Avengers_2012/large-cover.jpg\",\n    +     \"medium_cover_image\": \"https://yts.lt/assets/images/movies/The_Avengers_2012/medium-cover.jpg\",\n    +     \"rating\": 8,\n    +     \"runtime\": 143,\n    +     \"small_cover_image\": \"https://yts.lt/assets/images/movies/The_Avengers_2012/small-cover.jpg\",\n    +     \"summary\": \"Nick Fury is the director of S.H.I.E.L.D., an international peace-keeping agency. The agency is a who's who of Marvel Super Heroes, with Iron Man, The Incredible Hulk, Thor, Captain America, Hawkeye and Black Widow. When global security is threatened by Loki and his cohorts, Nick Fury and his team will need all their powers to save the world from disaster which is formed by Loki and his team\",\n    +     \"title\": \"The Avengers\",\n    +     \"url\": \"https://yts.lt/movie/the-avengers-2012\",\n    +     \"year\": 2012,\n    +   },\n    +   Object {\n    +     \"description_full\": \"How far would you go to protect your family? Keller Dover is facing every parent's worst nightmare. His six-year-old daughter, Anna, is missing, together with her young friend, Joy, and as minutes turn to hours, panic sets in. The only lead is a dilapidated RV that had earlier been parked on their street. Heading the investigation, Detective Loki arrests its driver, Alex Jones, but a lack of evidence forces his release. As the police pursue multiple leads and pressure mounts, knowing his child's life is at stake the frantic Dover decides he has no choice but to take matters into his own hands. But just how far will this desperate father go to protect his family?\",\n    +     \"genres\": Array [\n    +       \"Action\",\n    +       \"Crime\",\n    +       \"Drama\",\n    +       \"Mystery\",\n    +       \"Thriller\",\n    +     ],\n    +     \"id\": 2407,\n    +     \"large_cover_image\": \"https://yts.lt/assets/images/movies/Prisoners_2013/large-cover.jpg\",\n    +     \"medium_cover_image\": \"https://yts.lt/assets/images/movies/Prisoners_2013/medium-cover.jpg\",\n    +     \"rating\": 8.1,\n    +     \"runtime\": 153,\n    +     \"small_cover_image\": \"https://yts.lt/assets/images/movies/Prisoners_2013/small-cover.jpg\",\n    +     \"summary\": \"How far would you go to protect your family? Keller Dover is facing every parent's worst nightmare. His six-year-old daughter, Anna, is missing, together with her young friend, Joy, and as minutes turn to hours, panic sets in. The only lead is a dilapidated RV that had earlier been parked on their street. Heading the investigation, Detective Loki arrests its driver, Alex Jones, but a lack of evidence forces his release. As the police pursue multiple leads and pressure mounts, knowing his child's life is at stake the frantic Dover decides he has no choice but to take matters into his own hands. But just how far will this desperate father go to protect his family?\",\n    +     \"title\": \"Prisoners\",\n    +     \"url\": \"https://yts.lt/movie/prisoners-2013\",\n    +     \"year\": 2013,\n    +   },\n    +   Object {\n    +     \"description_full\": \"Thrilled by his experience with the Avengers, Peter returns home, where he lives with his Aunt May, under the watchful eye of his new mentor Tony Stark, Peter tries to fall back into his normal daily routine - distracted by thoughts of proving himself to be more than just your friendly neighborhood Spider-Man - but when the Vulture emerges as a new villain, everything that Peter holds most important will be threatened.\",\n    +     \"genres\": Array [\n    +       \"Action\",\n    +       \"Adventure\",\n    +       \"Sci-Fi\",\n    +     ],\n    +     \"id\": 6792,\n    +     \"large_cover_image\": \"https://yts.lt/assets/images/movies/spider_man_homecoming_2017/large-cover.jpg\",\n    +     \"medium_cover_image\": \"https://yts.lt/assets/images/movies/spider_man_homecoming_2017/medium-cover.jpg\",\n    +     \"rating\": 7.4,\n    +     \"runtime\": 133,\n    +     \"small_cover_image\": \"https://yts.lt/assets/images/movies/spider_man_homecoming_2017/small-cover.jpg\",\n    +     \"summary\": \"Thrilled by his experience with the Avengers, Peter returns home, where he lives with his Aunt May, under the watchful eye of his new mentor Tony Stark, Peter tries to fall back into his normal daily routine - distracted by thoughts of proving himself to be more than just your friendly neighborhood Spider-Man - but when the Vulture emerges as a new villain, everything that Peter holds most important will be threatened.\",\n    +     \"title\": \"Spider-Man: Homecoming\",\n    +     \"url\": \"https://yts.lt/movie/spider-man-homecoming-2017\",\n    +     \"year\": 2017,\n    +   },\n    +   Object {\n    +     \"description_full\": \"Dominic and his crew thought they'd left the criminal mercenary life behind. They'd defeated international terrorist Owen Shaw and went their separate ways. But now, Shaw's brother, Deckard Shaw, is out killing the crew one by one for revenge. Worse, a Somalian terrorist called Jakarde and a shady government official called \\\"Mr. Nobody\\\" are both competing to steal a computer terrorism program called \\\"God's Eye,\\\" that can turn any technological device into a weapon. Torretto must reconvene with his team to stop Shaw and retrieve the God's Eye program while caught in a power struggle between the terrorist and the United States government.\",\n    +     \"genres\": Array [\n    +       \"Action\",\n    +       \"Adventure\",\n    +       \"Crime\",\n    +       \"Thriller\",\n    +     ],\n    +     \"id\": 1267,\n    +     \"large_cover_image\": \"https://yts.lt/assets/images/movies/furious_seven_2015/large-cover.jpg\",\n    +     \"medium_cover_image\": \"https://yts.lt/assets/images/movies/furious_seven_2015/medium-cover.jpg\",\n    +     \"rating\": 7.2,\n    +     \"runtime\": 137,\n    +     \"small_cover_image\": \"https://yts.lt/assets/images/movies/furious_seven_2015/small-cover.jpg\",\n    +     \"summary\": \"Dominic and his crew thought they'd left the criminal mercenary life behind. They'd defeated international terrorist Owen Shaw and went their separate ways. But now, Shaw's brother, Deckard Shaw, is out killing the crew one by one for revenge. Worse, a Somalian terrorist called Jakarde and a shady government official called \\\"Mr. Nobody\\\" are both competing to steal a computer terrorism program called \\\"God's Eye,\\\" that can turn any technological device into a weapon. Torretto must reconvene with his team to stop Shaw and retrieve the God's Eye program while caught in a power struggle between the terrorist and the United States government.\",\n    +     \"title\": \"Furious 7\",\n    +     \"url\": \"https://yts.lt/movie/furious-7-2015\",\n    +     \"year\": 2015,\n    +   },\n    +   Object {\n    +     \"description_full\": \"This is the origin story of former Special Forces operative turned mercenary Wade Wilson, who after being subjected to a rogue experiment that leaves him with accelerated healing powers, adopts the alter ego Deadpool. Armed with his new abilities and a dark, twisted sense of humor, Deadpool hunts down the man who nearly destroyed his life.\",\n    +     \"genres\": Array [\n    +       \"Action\",\n    +       \"Adventure\",\n    +       \"Comedy\",\n    +       \"Romance\",\n    +       \"Sci-Fi\",\n    +     ],\n    +     \"id\": 5512,\n    +     \"large_cover_image\": \"https://yts.lt/assets/images/movies/deadpool_2016/large-cover.jpg\",\n    +     \"medium_cover_image\": \"https://yts.lt/assets/images/movies/deadpool_2016/medium-cover.jpg\",\n    +     \"rating\": 8,\n    +     \"runtime\": 108,\n    +     \"small_cover_image\": \"https://yts.lt/assets/images/movies/deadpool_2016/small-cover.jpg\",\n    +     \"summary\": \"This is the origin story of former Special Forces operative turned mercenary Wade Wilson, who after being subjected to a rogue experiment that leaves him with accelerated healing powers, adopts the alter ego Deadpool. Armed with his new abilities and a dark, twisted sense of humor, Deadpool hunts down the man who nearly destroyed his life.\",\n    +     \"title\": \"Deadpool\",\n    +     \"url\": \"https://yts.lt/movie/deadpool-2016\",\n    +     \"year\": 2016,\n    +   },\n    + ]\n\n      154 |         .then((res) => {\n      155 |           expect(res.status).toEqual(200);\n    > 156 |           expect(res.body).toEqual([]);\n          |                            ^\n      157 |           return;\n      158 |         });\n      159 |     });\n\n      at __tests__/ServerSpec.test.js:156:28\n\n  ● Advanced Challenge - Server › Filtering by genre › 쿼리 파라미터 genre 값과 일치하는 영화만 보여줘야 합니다.\n\n    expect(received).toEqual(expected) // deep equality\n\n    Expected: 1\n    Received: 10\n\n      175 |         .then((res) => {\n      176 |           const { body } = res;\n    > 177 |           expect(body.length).toEqual(1);\n          |                               ^\n      178 |           expect(body[0].id).toEqual(5512);\n      179 |           expect(body[0].title).toEqual('Deadpool');\n      180 |           expect(body[0].summary).toEqual(\n\n      at __tests__/ServerSpec.test.js:177:31\n\n  ● Advanced Challenge - Server › Filtering by genre › 쿼리 파라미터 genre와 pagination을 위한 쿼리 파라미터 limit, page를 같이 사용할 수 있어야 합니다.\n\n    expect(received).toEqual(expected) // deep equality\n\n    Expected: 3\n    Received: 10\n\n      209 |         .then((res) => {\n      210 |           const { body } = res;\n    > 211 |           expect(body.length).toEqual(3);\n          |                               ^\n      212 |           expect(body[0].id).toEqual(3045);\n      213 |           expect(body[0].title).toEqual('The Avengers');\n      214 |           expect(body[0].summary).toEqual(\n\n      at __tests__/ServerSpec.test.js:211:31\n","name":"/Users/sg.yksv77/Desktop/섹션2/HA2-test/im-ha-section-2/server/__tests__/ServerSpec.test.js","startTime":1648782541428,"status":"failed","summary":""}],"wasInterrupted":false}